<?xml version="1.0" encoding="UTF-8"?>
<!-- Generated by org.testng.reporters.JUnitXMLReporter -->
<testsuite ignored="1" hostname="DESKTOP-9NNILNN" failures="2" tests="3" name="BankingAppTest" time="17.359" errors="0" timestamp="2022-03-18T22:03:38 IST">
  <testcase classname="com.inetBankingV1.testCases.TC_LoginTest_DDT_002" name="LoginTestDDT" time="4.041"/>
  <testcase classname="com.inetBankingV1.testCases.TC_LoginTest_DDT_002" name="LoginTestDDT" time="2.337">
    <failure type="java.lang.AssertionError">
      <![CDATA[java.lang.AssertionError
at org.junit.Assert.fail(Assert.java:86)
at org.junit.Assert.assertTrue(Assert.java:41)
at org.junit.Assert.assertTrue(Assert.java:52)
at com.inetBankingV1.testCases.TC_LoginTest_DDT_002.LoginTestDDT(TC_LoginTest_DDT_002.java:32)
at java.base/java.util.ArrayList.forEach(ArrayList.java:1511)
... Removed 27 stack frames]]>
    </failure>
  </testcase> <!-- LoginTestDDT -->
  <testcase classname="com.inetBankingV1.testCases.TC_LoginTest_DDT_002" name="LoginTestDDT" time="1.966">
    <failure type="java.lang.AssertionError">
      <![CDATA[java.lang.AssertionError
at org.junit.Assert.fail(Assert.java:86)
at org.junit.Assert.assertTrue(Assert.java:41)
at org.junit.Assert.assertTrue(Assert.java:52)
at com.inetBankingV1.testCases.TC_LoginTest_DDT_002.LoginTestDDT(TC_LoginTest_DDT_002.java:32)
at java.base/java.util.ArrayList.forEach(ArrayList.java:1511)
... Removed 27 stack frames]]>
    </failure>
  </testcase> <!-- LoginTestDDT -->
  <testcase classname="com.inetBankingV1.testCases.TC_LoginTest_DDT_002" name="xpathAxesPractice" time="0.0">
    <ignored/>
  </testcase> <!-- xpathAxesPractice -->
</testsuite> <!-- BankingAppTest -->
