<?xml version="1.0" encoding="UTF-8"?>
<!-- Generated by org.testng.reporters.JUnitXMLReporter -->
<testsuite ignored="0" hostname="DESKTOP-9NNILNN" failures="2" tests="3" name="BankingAppTest" time="16.608" errors="0" timestamp="2022-04-02T17:07:32 IST">
  <testcase classname="com.inetBankingV1.testCases.TC_LoginTest_DDT_002" name="LoginTestDDT" time="3.823"/>
  <testcase classname="com.inetBankingV1.testCases.TC_LoginTest_DDT_002" name="LoginTestDDT" time="1.845">
    <failure type="java.lang.AssertionError">
      <![CDATA[java.lang.AssertionError
at org.junit.Assert.fail(Assert.java:86)
at org.junit.Assert.assertTrue(Assert.java:41)
at org.junit.Assert.assertTrue(Assert.java:52)
at com.inetBankingV1.testCases.TC_LoginTest_DDT_002.LoginTestDDT(TC_LoginTest_DDT_002.java:34)
at java.base/java.util.ArrayList.forEach(ArrayList.java:1511)
... Removed 31 stack frames]]>
    </failure>
  </testcase> <!-- LoginTestDDT -->
  <testcase classname="com.inetBankingV1.testCases.TC_LoginTest_DDT_002" name="LoginTestDDT" time="1.74">
    <failure type="java.lang.AssertionError">
      <![CDATA[java.lang.AssertionError
at org.junit.Assert.fail(Assert.java:86)
at org.junit.Assert.assertTrue(Assert.java:41)
at org.junit.Assert.assertTrue(Assert.java:52)
at com.inetBankingV1.testCases.TC_LoginTest_DDT_002.LoginTestDDT(TC_LoginTest_DDT_002.java:34)
at java.base/java.util.ArrayList.forEach(ArrayList.java:1511)
... Removed 31 stack frames]]>
    </failure>
  </testcase> <!-- LoginTestDDT -->
</testsuite> <!-- BankingAppTest -->
